||||||||||||||||||||||||||||||||||||||||||||||||||||||||||||||||||||||
Model    : DTLZ1
||||||||||||||||||||||||||||||||||||||||||||||||||||||||||||||||||||||
++++++++++++++++++++++++++++++++++++++++++++++++++++++++++++++++++++++
Finished processing DTLZ1 with Decisions = 10 and  Objectives = 2
++++++++++++++++++++++++++++++++++++++++++++++++++++++++++++++++++++++
+-------------+----------------+-------------+
| Iteration   | Original Value | Tuned Value |
+-------------+----------------+-------------+
|      1      |     0.9971     |    0.9965   |
|      2      |     0.9441     |    0.9902   |
|      3      |     0.9673     |    0.9858   |
|      4      |     0.9528     |    0.9883   |
|      5      |     0.9801     |     1.0     |
|      6      |     0.972      |    0.9845   |
|      7      |     0.9851     |    0.9847   |
|      8      |     0.9776     |    0.9803   |
|      9      |     0.9936     |    0.9915   |
|      10     |     0.9778     |    0.9896   |
|      11     |     0.9853     |    0.9882   |
|      12     |     0.9835     |    0.997    |
|      13     |     0.9547     |    0.9989   |
|      14     |     0.9337     |    0.9931   |
|      15     |     0.9089     |    0.9876   |
|      16     |     0.9531     |    0.9909   |
|      17     |     0.9809     |    0.9773   |
|      18     |     0.9469     |    0.9931   |
|      19     |     0.9574     |    0.9963   |
|      20     |     0.9531     |    0.998    |
+-------------+----------------+-------------+
||||||||||||||||||||||||||||||||||||||||||||||||||||||||||||||||||||||
++++++++++++++++++++++++++++++++++++++++++++++++++++++++++++++++++++++
Visible improvement
++++++++++++++++++++++++++++++++++++++++++++++++++++++++++++++++++++++
||||||||||||||||||||||||||||||||||||||||||||||||||||||||||||||||||||||
++++++++++++++++++++++++++++++++++++++++++++++++++++++++++++++++++++++
Finished processing DTLZ1 with Decisions = 20 and  Objectives = 2
++++++++++++++++++++++++++++++++++++++++++++++++++++++++++++++++++++++
+-------------+----------------+-------------+
| Iteration   | Original Value | Tuned Value |
+-------------+----------------+-------------+
|      1      |     0.9836     |    0.9814   |
|      2      |     0.9775     |    0.9808   |
|      3      |     0.9589     |    0.9573   |
|      4      |     0.9341     |    0.9648   |
|      5      |     0.9657     |    0.9654   |
|      6      |     0.9628     |    0.9628   |
|      7      |     0.9497     |    0.9496   |
|      8      |     0.9421     |    0.9526   |
|      9      |     0.9644     |    0.9643   |
|      10     |     0.9825     |    0.9807   |
|      11     |     0.9524     |    0.9535   |
|      12     |     0.9606     |    0.9603   |
|      13     |     0.9672     |    0.9684   |
|      14     |     0.9072     |    0.9403   |
|      15     |      1.0       |     1.0     |
|      16     |     0.9921     |    0.9928   |
|      17     |     0.9688     |    0.9697   |
|      18     |     0.963      |    0.9629   |
|      19     |     0.9523     |    0.9543   |
|      20     |     0.9732     |    0.9732   |
+-------------+----------------+-------------+
||||||||||||||||||||||||||||||||||||||||||||||||||||||||||||||||||||||
++++++++++++++++++++++++++++++++++++++++++++++++++++++++++++++++++++++
Visible improvement
++++++++++++++++++++++++++++++++++++++++++++++++++++++++++++++++++++++
||||||||||||||||||||||||||||||||||||||||||||||||||||||||||||||||||||||
++++++++++++++++++++++++++++++++++++++++++++++++++++++++++++++++++++++
Finished processing DTLZ1 with Decisions = 40 and  Objectives = 2
++++++++++++++++++++++++++++++++++++++++++++++++++++++++++++++++++++++
+-------------+----------------+-------------+
| Iteration   | Original Value | Tuned Value |
+-------------+----------------+-------------+
|      1      |     0.8879     |    0.8876   |
|      2      |     0.9647     |    0.9382   |
|      3      |     0.9248     |    0.9239   |
|      4      |     0.9535     |    0.9533   |
|      5      |     0.9685     |    0.9673   |
|      6      |     0.9936     |    0.9934   |
|      7      |     0.9816     |    0.9333   |
|      8      |     0.9754     |    0.9761   |
|      9      |     0.9894     |    0.9896   |
|      10     |      1.0       |     1.0     |
|      11     |     0.9557     |    0.9228   |
|      12     |     0.9335     |    0.9318   |
|      13     |     0.9907     |     0.99    |
|      14     |     0.9548     |    0.9561   |
|      15     |     0.9382     |    0.9281   |
|      16     |     0.9717     |    0.9737   |
|      17     |     0.9781     |    0.9781   |
|      18     |     0.9887     |    0.989    |
|      19     |     0.9999     |    0.9997   |
|      20     |     0.9471     |    0.9238   |
+-------------+----------------+-------------+
||||||||||||||||||||||||||||||||||||||||||||||||||||||||||||||||||||||
++++++++++++++++++++++++++++++++++++++++++++++++++++++++++++++++++++++
No improvement
++++++++++++++++++++++++++++++++++++++++++++++++++++++++++++++++++++++
||||||||||||||||||||||||||||||||||||||||||||||||||||||||||||||||||||||
++++++++++++++++++++++++++++++++++++++++++++++++++++++++++++++++++++++
Finished processing DTLZ1 with Decisions = 10 and  Objectives = 4
++++++++++++++++++++++++++++++++++++++++++++++++++++++++++++++++++++++
+-------------+----------------+-------------+
| Iteration   | Original Value | Tuned Value |
+-------------+----------------+-------------+
|      1      |     0.9977     |    0.9999   |
|      2      |     0.9974     |    0.9998   |
|      3      |     0.9581     |    0.9981   |
|      4      |     0.9949     |    0.9999   |
|      5      |     0.9982     |    0.9998   |
|      6      |     0.9954     |    0.9998   |
|      7      |     0.9993     |    0.9977   |
|      8      |     0.9978     |    0.9996   |
|      9      |     0.973      |    0.9978   |
|      10     |     0.9974     |    0.9999   |
|      11     |     0.9985     |    0.9967   |
|      12     |     0.9975     |    0.9949   |
|      13     |     0.9986     |    0.9949   |
|      14     |     0.9993     |    0.9962   |
|      15     |     0.9993     |    0.9965   |
|      16     |     0.9973     |    0.9998   |
|      17     |     0.9975     |    0.9999   |
|      18     |     0.9949     |    0.9999   |
|      19     |     0.9983     |    0.9997   |
|      20     |     0.9696     |    0.9961   |
+-------------+----------------+-------------+
||||||||||||||||||||||||||||||||||||||||||||||||||||||||||||||||||||||
++++++++++++++++++++++++++++++++++++++++++++++++++++++++++++++++++++++
Visible improvement
++++++++++++++++++++++++++++++++++++++++++++++++++++++++++++++++++++++
||||||||||||||||||||||||||||||||||||||||||||||||||||||||||||||||||||||
++++++++++++++++++++++++++++++++++++++++++++++++++++++++++++++++++++++
Finished processing DTLZ1 with Decisions = 20 and  Objectives = 4
++++++++++++++++++++++++++++++++++++++++++++++++++++++++++++++++++++++
+-------------+----------------+-------------+
| Iteration   | Original Value | Tuned Value |
+-------------+----------------+-------------+
|      1      |     0.9552     |     1.0     |
|      2      |     0.9953     |    0.992    |
|      3      |     0.9371     |    0.9998   |
|      4      |     0.9964     |    0.9938   |
|      5      |     0.9618     |    0.9875   |
|      6      |     0.9325     |    0.9999   |
|      7      |     0.9921     |     1.0     |
|      8      |     0.9672     |    0.9993   |
|      9      |     0.9934     |    0.9997   |
|      10     |     0.996      |    0.9992   |
|      11     |     0.9984     |    0.9994   |
|      12     |     0.9635     |    0.9997   |
|      13     |     0.9908     |     1.0     |
|      14     |     0.9584     |    0.9997   |
|      15     |     0.996      |    0.994    |
|      16     |     0.9588     |    0.9996   |
|      17     |     0.9968     |    0.9997   |
|      18     |     0.9242     |    0.992    |
|      19     |     0.9972     |    0.9986   |
|      20     |     0.964      |    0.9966   |
+-------------+----------------+-------------+
||||||||||||||||||||||||||||||||||||||||||||||||||||||||||||||||||||||
++++++++++++++++++++++++++++++++++++++++++++++++++++++++++++++++++++++
