||||||||||||||||||||||||||||||||||||||||||||||||||||||||||||||||||||||
Model    : Schaffer
||||||||||||||||||||||||||||||||||||||||||||||||||||||||||||||||||||||
++++++++++++++++++++++++++++++++++++++++++++++++++++++++++++++++++++++
Finished processing Schaffer with Decisions = 1 and  Objectives = 2
++++++++++++++++++++++++++++++++++++++++++++++++++++++++++++++++++++++
+-------------+----------------+-------------+
| Iteration   | Original Value | Tuned Value |
+-------------+----------------+-------------+
|      1      |      1.0       |     1.0     |
|      2      |      1.0       |     1.0     |
|      3      |      1.0       |     1.0     |
|      4      |      1.0       |     1.0     |
|      5      |      1.0       |     1.0     |
|      6      |      1.0       |     1.0     |
|      7      |      1.0       |     1.0     |
|      8      |     0.9999     |     1.0     |
|      9      |      1.0       |     1.0     |
|      10     |      1.0       |     1.0     |
|      11     |      1.0       |     1.0     |
|      12     |      1.0       |     1.0     |
|      13     |      1.0       |     1.0     |
|      14     |     0.9999     |     1.0     |
|      15     |      1.0       |     1.0     |
|      16     |      1.0       |     1.0     |
|      17     |      1.0       |     1.0     |
|      18     |      1.0       |     1.0     |
|      19     |      1.0       |     1.0     |
|      20     |      1.0       |     1.0     |
+-------------+----------------+-------------+
||||||||||||||||||||||||||||||||||||||||||||||||||||||||||||||||||||||
++++++++++++++++++++++++++++++++++++++++++++++++++++++++++++++++++++++
No improvement
++++++++++++++++++++++++++++++++++++++++++++++++++++++++++++++++++++++
||||||||||||||||||||||||||||||||||||||||||||||||||||||||||||||||||||||
||||||||||||||||||||||||||||||||||||||||||||||||||||||||||||||||||||||
Model    : Fonseca
||||||||||||||||||||||||||||||||||||||||||||||||||||||||||||||||||||||
++++++++++++++++++++++++++++++++++++++++++++++++++++++++++++++++++++++
Finished processing Fonseca with Decisions = 3 and  Objectives = 2
++++++++++++++++++++++++++++++++++++++++++++++++++++++++++++++++++++++
+-------------+----------------+-------------+
| Iteration   | Original Value | Tuned Value |
+-------------+----------------+-------------+
|      1      |     0.0945     |    0.1729   |
|      2      |     0.038      |    0.1448   |
|      3      |     0.0084     |    0.0683   |
|      4      |     0.0731     |    0.1246   |
|      5      |     0.0767     |    0.1333   |
|      6      |     0.0016     |    0.0889   |
|      7      |     0.0001     |    0.1271   |
|      8      |     0.0137     |    0.1577   |
|      9      |     0.0014     |    0.1673   |
|      10     |     0.0749     |    0.1853   |
|      11     |     0.0053     |    0.1645   |
|      12     |     0.0299     |    0.212    |
|      13     |     0.0388     |    0.1251   |
|      14     |     0.0075     |    0.088    |
|      15     |     0.0802     |    0.1421   |
|      16     |     0.0248     |    0.186    |
|      17     |     0.0537     |    0.1279   |
|      18     |     0.0628     |    0.1874   |
|      19     |     0.1505     |    0.2296   |
|      20     |     0.0725     |    0.1692   |
+-------------+----------------+-------------+
||||||||||||||||||||||||||||||||||||||||||||||||||||||||||||||||||||||
++++++++++++++++++++++++++++++++++++++++++++++++++++++++++++++++++++++
Visible improvement
++++++++++++++++++++++++++++++++++++++++++++++++++++++++++++++++++++++
||||||||||||||||||||||||||||||||||||||||||||||||||||||||||||||||||||||
